<?xml version="1.0" encoding="UTF-8"?>
<!-- Generated by org.testng.reporters.JUnitReportReporter -->
<testsuite hostname="LAPTOP-VNDBH34P" failures="0" tests="1" name="maven_cmd.ContactTest" time="0.015" errors="0" timestamp="2025-05-30T14:24:09 IST" skipped="0">
  <testcase classname="maven_cmd.ContactTest" name="createContactTest" time="0.015"/>
</testsuite> <!-- maven_cmd.ContactTest -->
