<?xml version="1.0" encoding="UTF-8"?>
<!-- Generated by org.testng.reporters.JUnitReportReporter -->
<testsuite hostname="LAPTOP-VNDBH34P" failures="0" tests="2" name="maven_cmd.OrganizationTest" time="0.018" errors="0" timestamp="2025-05-30T14:34:29 IST" skipped="0">
  <testcase classname="maven_cmd.OrganizationTest" name="createTest" time="0.016"/>
  <testcase classname="maven_cmd.OrganizationTest" name="createorganization" time="0.002"/>
</testsuite> <!-- maven_cmd.OrganizationTest -->
