<?xml version="1.0" encoding="UTF-8"?>
<!-- Generated by org.testng.reporters.JUnitReportReporter -->
<testsuite hostname="LAPTOP-VNDBH34P" failures="0" tests="2" name="pack2.OrganizationTest" time="0.019" errors="0" timestamp="2025-05-30T14:44:58 IST" skipped="0">
  <testcase classname="pack2.OrganizationTest" name="createTest" time="0.015"/>
  <testcase classname="pack2.OrganizationTest" name="createorganization" time="0.004"/>
</testsuite> <!-- pack2.OrganizationTest -->
